<?xml version="1.0" encoding="UTF-8"?>
<testng-results ignored="0" total="4" passed="4" failed="0" skipped="0">
  <reporter-output>
  </reporter-output>
  <suite started-at="2024-10-07T21:17:05Z" name="Login Tests with Multiple Scenarios" finished-at="2024-10-07T21:17:46Z" duration-ms="41169">
    <groups>
    </groups>
    <test started-at="2024-10-07T21:17:05Z" name="Positeve Login Test" finished-at="2024-10-07T21:17:15Z" duration-ms="10535">
      <class name="com.qaforall.learnauto.LoginTestsWithParameters">
        <test-method signature="loginTest(java.lang.String, java.lang.String)[pri:0, instance:com.qaforall.learnauto.LoginTestsWithParameters@298a5e20]" started-at="2024-10-07T17:17:05Z" name="loginTest" finished-at="2024-10-07T17:17:15Z" duration-ms="10523" status="PASS">
          <params>
            <param index="0">
              <value>
                <![CDATA[tomsmith]]>
              </value>
            </param>
            <param index="1">
              <value>
                <![CDATA[SuperSecretPassword!]]>
              </value>
            </param>
          </params>
          <reporter-output>
          </reporter-output>
        </test-method> <!-- loginTest -->
      </class> <!-- com.qaforall.learnauto.LoginTestsWithParameters -->
    </test> <!-- Positeve Login Test -->
    <test started-at="2024-10-07T21:17:16Z" name="Negative Login Test with incorrect username" finished-at="2024-10-07T21:17:26Z" duration-ms="10216">
      <class name="com.qaforall.learnauto.LoginTestsWithParameters">
        <test-method signature="loginTest(java.lang.String, java.lang.String)[pri:0, instance:com.qaforall.learnauto.LoginTestsWithParameters@74ea2410]" started-at="2024-10-07T17:17:16Z" name="loginTest" finished-at="2024-10-07T17:17:26Z" duration-ms="10215" status="PASS">
          <params>
            <param index="0">
              <value>
                <![CDATA[jacob]]>
              </value>
            </param>
            <param index="1">
              <value>
                <![CDATA[SuperSecretPassword!]]>
              </value>
            </param>
          </params>
          <reporter-output>
          </reporter-output>
        </test-method> <!-- loginTest -->
      </class> <!-- com.qaforall.learnauto.LoginTestsWithParameters -->
    </test> <!-- Negative Login Test with incorrect username -->
    <test started-at="2024-10-07T21:17:26Z" name="Negative Login Test with incorrect password" finished-at="2024-10-07T21:17:36Z" duration-ms="10198">
      <class name="com.qaforall.learnauto.LoginTestsWithParameters">
        <test-method signature="loginTest(java.lang.String, java.lang.String)[pri:0, instance:com.qaforall.learnauto.LoginTestsWithParameters@5d0bf09b]" started-at="2024-10-07T17:17:26Z" name="loginTest" finished-at="2024-10-07T17:17:36Z" duration-ms="10196" status="PASS">
          <params>
            <param index="0">
              <value>
                <![CDATA[tomsmith]]>
              </value>
            </param>
            <param index="1">
              <value>
                <![CDATA[abcdefg123456]]>
              </value>
            </param>
          </params>
          <reporter-output>
          </reporter-output>
        </test-method> <!-- loginTest -->
      </class> <!-- com.qaforall.learnauto.LoginTestsWithParameters -->
    </test> <!-- Negative Login Test with incorrect password -->
    <test started-at="2024-10-07T21:17:36Z" name="Negative Login Test with no values passed" finished-at="2024-10-07T21:17:46Z" duration-ms="10187">
      <class name="com.qaforall.learnauto.LoginTestsWithParameters">
        <test-method signature="loginTest(java.lang.String, java.lang.String)[pri:0, instance:com.qaforall.learnauto.LoginTestsWithParameters@117159c0]" started-at="2024-10-07T17:17:36Z" name="loginTest" finished-at="2024-10-07T17:17:46Z" duration-ms="10186" status="PASS">
          <params>
            <param index="0">
              <value>
                <![CDATA[]]>
              </value>
            </param>
            <param index="1">
              <value>
                <![CDATA[]]>
              </value>
            </param>
          </params>
          <reporter-output>
          </reporter-output>
        </test-method> <!-- loginTest -->
      </class> <!-- com.qaforall.learnauto.LoginTestsWithParameters -->
    </test> <!-- Negative Login Test with no values passed -->
  </suite> <!-- Login Tests with Multiple Scenarios -->
</testng-results>
