<?xml version="1.0" encoding="UTF-8"?>
<testsuite xmlns:xsi="http://www.w3.org/2001/XMLSchema-instance" xsi:noNamespaceSchemaLocation="https://maven.apache.org/surefire/maven-surefire-plugin/xsd/surefire-test-report.xsd" version="3.0.1" name="TestSuite" time="41.836" tests="4" errors="0" skipped="0" failures="0">
  <properties>
[...]
</properties>
  <testcase name="loginTest[tomsmith, SuperSecretPassword!](1)" classname="com.qaforall.learnauto.LoginTestsWithParameters" time="10.519">
    <system-out><![CDATA[[TestNGContentHandler] [WARN] It is strongly recommended to add "<!DOCTYPE suite SYSTEM "http://testng.org/testng-1.0.dtd" >" at the top of your file, otherwise TestNG may fail or not work as expected.
]]></system-out>
  </testcase>
  <testcase name="loginTest[jacob, SuperSecretPassword!](1)" classname="com.qaforall.learnauto.LoginTestsWithParameters" time="10.215"/>
  <testcase name="loginTest[tomsmith, abcdefg123456](1)" classname="com.qaforall.learnauto.LoginTestsWithParameters" time="10.197"/>
  <testcase name="loginTest[, ](1)" classname="com.qaforall.learnauto.LoginTestsWithParameters" time="10.186"/>
</testsuite>