<?xml version="1.0" encoding="UTF-8"?>
<testng-results ignored="0" total="1" passed="1" failed="0" skipped="0">
  <reporter-output>
  </reporter-output>
  <suite started-at="2024-09-29T23:02:59Z" name="Default suite" finished-at="2024-09-29T23:03:27Z" duration-ms="27742">
    <groups>
    </groups>
    <test started-at="2024-09-29T23:02:59Z" name="Default test" finished-at="2024-09-29T23:03:27Z" duration-ms="27742">
      <class name="com.qaforall.learnauto.LoginTestWithChrome">
        <test-method signature="runWithChrome()[pri:0, instance:com.qaforall.learnauto.LoginTestWithChrome@11392934]" started-at="2024-09-29T19:02:59Z" name="runWithChrome" finished-at="2024-09-29T19:03:27Z" duration-ms="27720" status="PASS">
          <reporter-output>
          </reporter-output>
        </test-method> <!-- runWithChrome -->
      </class> <!-- com.qaforall.learnauto.LoginTestWithChrome -->
    </test> <!-- Default test -->
  </suite> <!-- Default suite -->
</testng-results>
